2022/05/22 19:40:01 [notice] 1#1: using the "epoll" event method
2022/05/22 19:40:01 [notice] 1#1: nginx/1.21.6
2022/05/22 19:40:01 [notice] 1#1: built by gcc 10.2.1 20210110 (Debian 10.2.1-6) 
2022/05/22 19:40:01 [notice] 1#1: OS: Linux 5.13.0-41-generic
2022/05/22 19:40:01 [notice] 1#1: getrlimit(RLIMIT_NOFILE): 1048576:1048576
2022/05/22 19:40:01 [notice] 1#1: start worker processes
2022/05/22 19:40:01 [notice] 1#1: start worker process 22
2022/05/22 19:40:01 [notice] 1#1: start worker process 23
2022/05/22 19:40:01 [notice] 1#1: start worker process 24
2022/05/22 19:40:01 [notice] 1#1: start worker process 25
2022/05/22 19:50:06 [notice] 1#1: signal 3 (SIGQUIT) received, shutting down
2022/05/22 19:50:06 [notice] 22#22: gracefully shutting down
2022/05/22 19:50:06 [notice] 23#23: gracefully shutting down
2022/05/22 19:50:06 [notice] 22#22: exiting
2022/05/22 19:50:06 [notice] 24#24: gracefully shutting down
2022/05/22 19:50:06 [notice] 23#23: exiting
2022/05/22 19:50:06 [notice] 24#24: exiting
2022/05/22 19:50:06 [notice] 22#22: exit
2022/05/22 19:50:06 [notice] 23#23: exit
2022/05/22 19:50:06 [notice] 24#24: exit
2022/05/22 19:50:06 [notice] 25#25: gracefully shutting down
2022/05/22 19:50:06 [notice] 25#25: exiting
2022/05/22 19:50:06 [notice] 25#25: exit
2022/05/22 19:50:06 [notice] 1#1: signal 17 (SIGCHLD) received from 23
2022/05/22 19:50:06 [notice] 1#1: worker process 23 exited with code 0
2022/05/22 19:50:06 [notice] 1#1: worker process 24 exited with code 0
2022/05/22 19:50:06 [notice] 1#1: signal 29 (SIGIO) received
2022/05/22 19:50:06 [notice] 1#1: signal 17 (SIGCHLD) received from 22
2022/05/22 19:50:06 [notice] 1#1: worker process 22 exited with code 0
2022/05/22 19:50:06 [notice] 1#1: worker process 25 exited with code 0
2022/05/22 19:50:06 [notice] 1#1: exit
2022/05/22 19:50:17 [notice] 1#1: using the "epoll" event method
2022/05/22 19:50:17 [notice] 1#1: nginx/1.21.6
2022/05/22 19:50:17 [notice] 1#1: built by gcc 10.2.1 20210110 (Debian 10.2.1-6) 
2022/05/22 19:50:17 [notice] 1#1: OS: Linux 5.13.0-41-generic
2022/05/22 19:50:17 [notice] 1#1: getrlimit(RLIMIT_NOFILE): 1048576:1048576
2022/05/22 19:50:17 [notice] 1#1: start worker processes
2022/05/22 19:50:17 [notice] 1#1: start worker process 22
2022/05/22 19:50:17 [notice] 1#1: start worker process 23
2022/05/22 19:50:17 [notice] 1#1: start worker process 24
2022/05/22 19:50:17 [notice] 1#1: start worker process 25
2022/05/22 19:50:49 [notice] 1#1: signal 3 (SIGQUIT) received, shutting down
2022/05/22 19:50:49 [notice] 22#22: gracefully shutting down
2022/05/22 19:50:49 [notice] 23#23: gracefully shutting down
2022/05/22 19:50:49 [notice] 22#22: exiting
2022/05/22 19:50:49 [notice] 25#25: gracefully shutting down
2022/05/22 19:50:49 [notice] 23#23: exiting
2022/05/22 19:50:49 [notice] 25#25: exiting
2022/05/22 19:50:49 [notice] 22#22: exit
2022/05/22 19:50:49 [notice] 23#23: exit
2022/05/22 19:50:49 [notice] 25#25: exit
2022/05/22 19:50:49 [notice] 24#24: gracefully shutting down
2022/05/22 19:50:49 [notice] 24#24: exiting
2022/05/22 19:50:49 [notice] 24#24: exit
2022/05/22 19:50:49 [notice] 1#1: signal 17 (SIGCHLD) received from 25
2022/05/22 19:50:49 [notice] 1#1: worker process 25 exited with code 0
2022/05/22 19:50:49 [notice] 1#1: signal 29 (SIGIO) received
2022/05/22 19:50:49 [notice] 1#1: signal 17 (SIGCHLD) received from 23
2022/05/22 19:50:49 [notice] 1#1: worker process 23 exited with code 0
2022/05/22 19:50:49 [notice] 1#1: signal 29 (SIGIO) received
2022/05/22 19:50:49 [notice] 1#1: signal 17 (SIGCHLD) received from 22
2022/05/22 19:50:49 [notice] 1#1: worker process 22 exited with code 0
2022/05/22 19:50:49 [notice] 1#1: signal 17 (SIGCHLD) received from 24
2022/05/22 19:50:49 [notice] 1#1: worker process 24 exited with code 0
2022/05/22 19:50:49 [notice] 1#1: exit
2022/05/22 19:51:37 [notice] 1#1: using the "epoll" event method
2022/05/22 19:51:37 [notice] 1#1: nginx/1.21.6
2022/05/22 19:51:37 [notice] 1#1: built by gcc 10.2.1 20210110 (Debian 10.2.1-6) 
2022/05/22 19:51:37 [notice] 1#1: OS: Linux 5.13.0-41-generic
2022/05/22 19:51:37 [notice] 1#1: getrlimit(RLIMIT_NOFILE): 1048576:1048576
2022/05/22 19:51:37 [notice] 1#1: start worker processes
2022/05/22 19:51:37 [notice] 1#1: start worker process 22
2022/05/22 19:51:37 [notice] 1#1: start worker process 23
2022/05/22 19:51:37 [notice] 1#1: start worker process 24
2022/05/22 19:51:37 [notice] 1#1: start worker process 25
2022/05/22 20:10:40 [notice] 1#1: signal 3 (SIGQUIT) received, shutting down
2022/05/22 20:10:40 [notice] 24#24: gracefully shutting down
2022/05/22 20:10:40 [notice] 22#22: gracefully shutting down
2022/05/22 20:10:40 [notice] 22#22: exiting
2022/05/22 20:10:40 [notice] 22#22: exit
2022/05/22 20:10:40 [notice] 23#23: gracefully shutting down
2022/05/22 20:10:40 [notice] 23#23: exiting
2022/05/22 20:10:40 [notice] 23#23: exit
2022/05/22 20:10:40 [notice] 25#25: gracefully shutting down
2022/05/22 20:10:40 [notice] 25#25: exiting
2022/05/22 20:10:40 [notice] 25#25: exit
2022/05/22 20:10:40 [notice] 1#1: signal 17 (SIGCHLD) received from 23
2022/05/22 20:10:40 [notice] 1#1: worker process 22 exited with code 0
2022/05/22 20:10:40 [notice] 1#1: worker process 23 exited with code 0
2022/05/22 20:10:40 [notice] 1#1: worker process 25 exited with code 0
2022/05/22 20:10:40 [notice] 1#1: signal 29 (SIGIO) received
2022/05/22 20:10:40 [notice] 1#1: signal 17 (SIGCHLD) received from 25
2022/05/22 20:10:41 [notice] 24#24: exiting
2022/05/22 20:10:41 [notice] 24#24: exit
2022/05/22 20:10:41 [notice] 1#1: signal 17 (SIGCHLD) received from 24
2022/05/22 20:10:41 [notice] 1#1: worker process 24 exited with code 0
2022/05/22 20:10:41 [notice] 1#1: exit
2022/05/22 20:11:16 [notice] 1#1: using the "epoll" event method
2022/05/22 20:11:16 [notice] 1#1: nginx/1.21.6
2022/05/22 20:11:16 [notice] 1#1: built by gcc 10.2.1 20210110 (Debian 10.2.1-6) 
2022/05/22 20:11:16 [notice] 1#1: OS: Linux 5.13.0-41-generic
2022/05/22 20:11:16 [notice] 1#1: getrlimit(RLIMIT_NOFILE): 1048576:1048576
2022/05/22 20:11:16 [notice] 1#1: start worker processes
2022/05/22 20:11:16 [notice] 1#1: start worker process 22
2022/05/22 20:11:16 [notice] 1#1: start worker process 23
2022/05/22 20:11:16 [notice] 1#1: start worker process 24
2022/05/22 20:11:16 [notice] 1#1: start worker process 25
2022/05/22 20:29:09 [notice] 1#1: signal 3 (SIGQUIT) received, shutting down
2022/05/22 20:29:09 [notice] 22#22: gracefully shutting down
2022/05/22 20:29:09 [notice] 23#23: gracefully shutting down
2022/05/22 20:29:09 [notice] 24#24: gracefully shutting down
2022/05/22 20:29:09 [notice] 25#25: gracefully shutting down
2022/05/22 20:29:09 [notice] 23#23: exiting
2022/05/22 20:29:09 [notice] 24#24: exiting
2022/05/22 20:29:09 [notice] 25#25: exiting
2022/05/22 20:29:09 [notice] 22#22: exiting
2022/05/22 20:29:09 [notice] 24#24: exit
2022/05/22 20:29:09 [notice] 25#25: exit
2022/05/22 20:29:09 [notice] 23#23: exit
2022/05/22 20:29:09 [notice] 22#22: exit
2022/05/22 20:29:09 [notice] 1#1: signal 17 (SIGCHLD) received from 22
2022/05/22 20:29:09 [notice] 1#1: worker process 22 exited with code 0
2022/05/22 20:29:09 [notice] 1#1: worker process 23 exited with code 0
2022/05/22 20:29:09 [notice] 1#1: worker process 25 exited with code 0
2022/05/22 20:29:09 [notice] 1#1: signal 29 (SIGIO) received
2022/05/22 20:29:09 [notice] 1#1: signal 17 (SIGCHLD) received from 25
2022/05/22 20:29:09 [notice] 1#1: signal 17 (SIGCHLD) received from 24
2022/05/22 20:29:09 [notice] 1#1: worker process 24 exited with code 0
2022/05/22 20:29:09 [notice] 1#1: exit
2022/05/22 20:30:49 [notice] 1#1: using the "epoll" event method
2022/05/22 20:30:49 [notice] 1#1: nginx/1.21.6
2022/05/22 20:30:49 [notice] 1#1: built by gcc 10.2.1 20210110 (Debian 10.2.1-6) 
2022/05/22 20:30:49 [notice] 1#1: OS: Linux 5.13.0-41-generic
2022/05/22 20:30:49 [notice] 1#1: getrlimit(RLIMIT_NOFILE): 1048576:1048576
2022/05/22 20:30:49 [notice] 1#1: start worker processes
2022/05/22 20:30:49 [notice] 1#1: start worker process 22
2022/05/22 20:30:49 [notice] 1#1: start worker process 23
2022/05/22 20:30:49 [notice] 1#1: start worker process 24
2022/05/22 20:30:49 [notice] 1#1: start worker process 25
